<?xml version="1.0" encoding="UTF-8"?>
<!-- Generated by org.testng.reporters.JUnitReportReporter -->
<testsuite hostname="hp" failures="0" tests="2" name="Sample.sample1" time="0.010" errors="0" timestamp="2024-08-27T15:46:24 IST" skipped="1">
  <testcase classname="Sample.sample1" name="createUser" time="0.010"/>
  <system-out/>
  <testcase classname="Sample.sample1" name="modifyUser">
    <skipped/>
  </testcase> <!-- modifyUser -->
  <system-out/>
</testsuite> <!-- Sample.sample1 -->
