<?xml version="1.0" encoding="UTF-8"?>
<!-- Generated by org.testng.reporters.JUnitReportReporter -->
<testsuite hostname="hp" failures="0" tests="3" name="Sample.sample3" time="0.013" errors="0" timestamp="2024-08-27T16:02:01 IST" skipped="0">
  <testcase classname="Sample.sample3" name="deleteUser" time="0.009"/>
  <system-out/>
  <testcase classname="Sample.sample3" name="createUser" time="0.002"/>
  <system-out/>
  <testcase classname="Sample.sample3" name="modifyUser" time="0.002"/>
  <system-out/>
</testsuite> <!-- Sample.sample3 -->
