<?xml version="1.0" encoding="UTF-8"?>
<!-- Generated by org.testng.reporters.JUnitReportReporter -->
<testsuite hostname="hp" failures="0" tests="7" name="Sample.sample2" time="0.027" errors="0" timestamp="2024-08-27T15:55:37 IST" skipped="0">
  <testcase classname="Sample.sample2" name="modifyUser" time="0.002"/>
  <system-out/>
  <testcase classname="Sample.sample2" name="createUser" time="0.002"/>
  <system-out/>
  <testcase classname="Sample.sample2" name="createUser" time="0.003"/>
  <system-out/>
  <testcase classname="Sample.sample2" name="createUser" time="0.003"/>
  <system-out/>
  <testcase classname="Sample.sample2" name="createUser" time="0.010"/>
  <system-out/>
  <testcase classname="Sample.sample2" name="createUser" time="0.003"/>
  <system-out/>
  <testcase classname="Sample.sample2" name="deleteUser" time="0.004"/>
  <system-out/>
</testsuite> <!-- Sample.sample2 -->
